PhotoGalleryApp/app/build/intermediates/manifest_merge_blame_file/debug/manifest-merger-blame-debug-report.txt
1<?xml version="1.0" encoding="utf-8"?>
2<manifest xmlns:android="http://schemas.android.com/apk/res/android"
3    package="com.example.photogallery"
4    android:versionCode="1"
5    android:versionName="1.0" >
6
7    <uses-sdk
8        android:minSdkVersion="21"
9        android:targetSdkVersion="34" />
10
11    <!--
12        Permissions required for the application.
13        - CAMERA: To take photos using the device camera.
14        - WRITE_EXTERNAL_STORAGE: To save photos on Android 10 (API 29) and below.
15        - READ_EXTERNAL_STORAGE: To browse photos on Android 12 (API 32) and below.
16        - READ_MEDIA_IMAGES: To browse photos on Android 13 (API 33) and above.
17        - MANAGE_EXTERNAL_STORAGE: To perform full file operations like deleting any image on Android 11+.
18    -->
19    <uses-permission android:name="android.permission.CAMERA" />
19-->src\main\AndroidManifest.xml:13:5-65
19-->src\main\AndroidManifest.xml:13:22-62
20    <uses-permission
20-->src\main\AndroidManifest.xml:14:5-16:38
21        android:name="android.permission.WRITE_EXTERNAL_STORAGE"
21-->src\main\AndroidManifest.xml:15:9-65
22        android:maxSdkVersion="29" />
22-->src\main\AndroidManifest.xml:16:9-35
23    <uses-permission
23-->src\main\AndroidManifest.xml:17:5-19:38
24        android:name="android.permission.READ_EXTERNAL_STORAGE"
24-->src\main\AndroidManifest.xml:18:9-64
25        android:maxSdkVersion="32" />
25-->src\main\AndroidManifest.xml:19:9-35
26    <uses-permission android:name="android.permission.READ_MEDIA_IMAGES" />
26-->src\main\AndroidManifest.xml:20:5-22:53
26-->src\main\AndroidManifest.xml:21:9-60
27    <uses-permission android:name="android.permission.MANAGE_EXTERNAL_STORAGE" />
27-->src\main\AndroidManifest.xml:24:5-26:40
27-->src\main\AndroidManifest.xml:25:9-66
28
29    <!--
30        Declare that the app uses the camera hardware.
31        required="false" allows the app to be installed on devices without a camera,
32        though its primary feature won't work.
33    -->
34    <uses-feature
34-->src\main\AndroidManifest.xml:33:5-35:36
35        android:name="android.hardware.camera"
35-->src\main\AndroidManifest.xml:34:9-47
36        android:required="false" />
36-->src\main\AndroidManifest.xml:35:9-33
37
38    <permission
38-->[androidx.core:core:1.12.0] AndroidManifest.xml:22:5-24:47
39        android:name="com.example.photogallery.DYNAMIC_RECEIVER_NOT_EXPORTED_PERMISSION"
39-->[androidx.core:core:1.12.0] AndroidManifest.xml:23:9-81
40        android:protectionLevel="signature" />
40-->[androidx.core:core:1.12.0] AndroidManifest.xml:24:9-44
41
42    <uses-permission android:name="com.example.photogallery.DYNAMIC_RECEIVER_NOT_EXPORTED_PERMISSION" />
42-->[androidx.core:core:1.12.0] AndroidManifest.xml:26:5-97
42-->[androidx.core:core:1.12.0] AndroidManifest.xml:26:22-94
43
44    <application
44-->src\main\AndroidManifest.xml:37:5-79:19
45        android:allowBackup="true"
45-->src\main\AndroidManifest.xml:38:9-35
46        android:appComponentFactory="androidx.core.app.CoreComponentFactory"
46-->[androidx.core:core:1.12.0] AndroidManifest.xml:28:18-86
47        android:debuggable="true"
48        android:extractNativeLibs="true"
49        android:icon="@mipmap/ic_launcher"
49-->src\main\AndroidManifest.xml:39:9-43
50        android:label="@string/app_name"
50-->src\main\AndroidManifest.xml:40:9-41
51        android:requestLegacyExternalStorage="true"
51-->src\main\AndroidManifest.xml:44:9-52
52        android:roundIcon="@mipmap/ic_launcher_round"
52-->src\main\AndroidManifest.xml:41:9-54
53        android:supportsRtl="true"
53-->src\main\AndroidManifest.xml:42:9-35
54        android:testOnly="true"
55        android:theme="@style/Theme.PhotoGallery" >
55-->src\main\AndroidManifest.xml:43:9-50
56
57        <!--
58            The main entry point of the app.
59            Displayed in the launcher.
60        -->
61        <activity
61-->src\main\AndroidManifest.xml:50:9-57:20
62            android:name="com.example.photogallery.MainActivity"
62-->src\main\AndroidManifest.xml:51:13-41
63            android:exported="true" >
63-->src\main\AndroidManifest.xml:52:13-36
64            <intent-filter>
64-->src\main\AndroidManifest.xml:53:13-56:29
65                <action android:name="android.intent.action.MAIN" />
65-->src\main\AndroidManifest.xml:54:17-69
65-->src\main\AndroidManifest.xml:54:25-66
66
67                <category android:name="android.intent.category.LAUNCHER" />
67-->src\main\AndroidManifest.xml:55:17-77
67-->src\main\AndroidManifest.xml:55:27-74
68            </intent-filter>
69        </activity>
70
71        <!-- Gallery view activity -->
72        <activity
72-->src\main\AndroidManifest.xml:60:9-78
73            android:name="com.example.photogallery.GalleryActivity"
73-->src\main\AndroidManifest.xml:60:19-50
74            android:exported="false" />
74-->src\main\AndroidManifest.xml:60:51-75
75
76        <!-- Detailed view for a single image -->
77        <activity
77-->src\main\AndroidManifest.xml:63:9-82
78            android:name="com.example.photogallery.ImageDetailActivity"
78-->src\main\AndroidManifest.xml:63:19-54
79            android:exported="false" />
79-->src\main\AndroidManifest.xml:63:55-79
80
81        <!--
82            FileProvider is used to securely share file URIs with other apps,
83            specifically the system camera app for saving captured photos.
84        -->
85        <provider
86            android:name="androidx.core.content.FileProvider"
86-->src\main\AndroidManifest.xml:70:13-62
87            android:authorities="com.example.photogallery.fileprovider"
87-->src\main\AndroidManifest.xml:71:13-64
88            android:exported="false"
88-->src\main\AndroidManifest.xml:72:13-37
89            android:grantUriPermissions="true" >
89-->src\main\AndroidManifest.xml:73:13-47
90            <meta-data
90-->src\main\AndroidManifest.xml:74:13-76:54
91                android:name="android.support.FILE_PROVIDER_PATHS"
91-->src\main\AndroidManifest.xml:75:17-67
92                android:resource="@xml/file_paths" />
92-->src\main\AndroidManifest.xml:76:17-51
93        </provider>
94        <provider
94-->[androidx.emoji2:emoji2:1.2.0] AndroidManifest.xml:24:9-32:20
95            android:name="androidx.startup.InitializationProvider"
95-->[androidx.emoji2:emoji2:1.2.0] AndroidManifest.xml:25:13-67
96            android:authorities="com.example.photogallery.androidx-startup"
96-->[androidx.emoji2:emoji2:1.2.0] AndroidManifest.xml:26:13-68
97            android:exported="false" >
97-->[androidx.emoji2:emoji2:1.2.0] AndroidManifest.xml:27:13-37
98            <meta-data
98-->[androidx.emoji2:emoji2:1.2.0] AndroidManifest.xml:29:13-31:52
99                android:name="androidx.emoji2.text.EmojiCompatInitializer"
99-->[androidx.emoji2:emoji2:1.2.0] AndroidManifest.xml:30:17-75
100                android:value="androidx.startup" />
100-->[androidx.emoji2:emoji2:1.2.0] AndroidManifest.xml:31:17-49
101            <meta-data
101-->[androidx.lifecycle:lifecycle-process:2.6.1] AndroidManifest.xml:29:13-31:52
102                android:name="androidx.lifecycle.ProcessLifecycleInitializer"
102-->[androidx.lifecycle:lifecycle-process:2.6.1] AndroidManifest.xml:30:17-78
103                android:value="androidx.startup" />
103-->[androidx.lifecycle:lifecycle-process:2.6.1] AndroidManifest.xml:31:17-49
104            <meta-data
104-->[androidx.profileinstaller:profileinstaller:1.3.0] AndroidManifest.xml:29:13-31:52
105                android:name="androidx.profileinstaller.ProfileInstallerInitializer"
105-->[androidx.profileinstaller:profileinstaller:1.3.0] AndroidManifest.xml:30:17-85
106                android:value="androidx.startup" />
106-->[androidx.profileinstaller:profileinstaller:1.3.0] AndroidManifest.xml:31:17-49
107        </provider>
108
109        <receiver
109-->[androidx.profileinstaller:profileinstaller:1.3.0] AndroidManifest.xml:34:9-52:20
110            android:name="androidx.profileinstaller.ProfileInstallReceiver"
110-->[androidx.profileinstaller:profileinstaller:1.3.0] AndroidManifest.xml:35:13-76
111            android:directBootAware="false"
111-->[androidx.profileinstaller:profileinstaller:1.3.0] AndroidManifest.xml:36:13-44
112            android:enabled="true"
112-->[androidx.profileinstaller:profileinstaller:1.3.0] AndroidManifest.xml:37:13-35
113            android:exported="true"
113-->[androidx.profileinstaller:profileinstaller:1.3.0] AndroidManifest.xml:38:13-36
114            android:permission="android.permission.DUMP" >
114-->[androidx.profileinstaller:profileinstaller:1.3.0] AndroidManifest.xml:39:13-57
115            <intent-filter>
115-->[androidx.profileinstaller:profileinstaller:1.3.0] AndroidManifest.xml:40:13-42:29
116                <action android:name="androidx.profileinstaller.action.INSTALL_PROFILE" />
116-->[androidx.profileinstaller:profileinstaller:1.3.0] AndroidManifest.xml:41:17-91
116-->[androidx.profileinstaller:profileinstaller:1.3.0] AndroidManifest.xml:41:25-88
117            </intent-filter>
118            <intent-filter>
118-->[androidx.profileinstaller:profileinstaller:1.3.0] AndroidManifest.xml:43:13-45:29
119                <action android:name="androidx.profileinstaller.action.SKIP_FILE" />
119-->[androidx.profileinstaller:profileinstaller:1.3.0] AndroidManifest.xml:44:17-85
119-->[androidx.profileinstaller:profileinstaller:1.3.0] AndroidManifest.xml:44:25-82
120            </intent-filter>
121            <intent-filter>
121-->[androidx.profileinstaller:profileinstaller:1.3.0] AndroidManifest.xml:46:13-48:29
122                <action android:name="androidx.profileinstaller.action.SAVE_PROFILE" />
122-->[androidx.profileinstaller:profileinstaller:1.3.0] AndroidManifest.xml:47:17-88
122-->[androidx.profileinstaller:profileinstaller:1.3.0] AndroidManifest.xml:47:25-85
123            </intent-filter>
124            <intent-filter>
124-->[androidx.profileinstaller:profileinstaller:1.3.0] AndroidManifest.xml:49:13-51:29
125                <action android:name="androidx.profileinstaller.action.BENCHMARK_OPERATION" />
125-->[androidx.profileinstaller:profileinstaller:1.3.0] AndroidManifest.xml:50:17-95
125-->[androidx.profileinstaller:profileinstaller:1.3.0] AndroidManifest.xml:50:25-92
126            </intent-filter>
127        </receiver>
128    </application>
129
130</manifest>